  [1m[36m (1.2ms)[0m  [1mCREATE TABLE "schema_migrations" ("version" varchar NOT NULL) [0m
  [1m[35m (0.0ms)[0m  select sqlite_version(*)
  [1m[36m (1.0ms)[0m  [1mCREATE UNIQUE INDEX "unique_schema_migrations" ON "schema_migrations" ("version")[0m
  [1m[35mActiveRecord::SchemaMigration Load (0.1ms)[0m  SELECT "schema_migrations".* FROM "schema_migrations"
  [1m[36mActiveRecord::SchemaMigration Load (0.1ms)[0m  [1mSELECT "schema_migrations".* FROM "schema_migrations"[0m
Migrating to CreatePosts (20151230232412)
  [1m[35m (0.1ms)[0m  begin transaction
  [1m[36m (0.4ms)[0m  [1mCREATE TABLE "posts" ("id" INTEGER PRIMARY KEY AUTOINCREMENT NOT NULL, "title" varchar, "description" text, "created_at" datetime NOT NULL, "updated_at" datetime NOT NULL) [0m
  [1m[35mSQL (0.2ms)[0m  INSERT INTO "schema_migrations" ("version") VALUES (?)  [["version", "20151230232412"]]
  [1m[36m (1.3ms)[0m  [1mcommit transaction[0m
  [1m[35mActiveRecord::SchemaMigration Load (0.1ms)[0m  SELECT "schema_migrations".* FROM "schema_migrations"


Started GET "/posts" for ::1 at 2018-07-23 10:30:50 -0400
  [1m[36mActiveRecord::SchemaMigration Load (0.2ms)[0m  [1mSELECT "schema_migrations".* FROM "schema_migrations"[0m
Processing by PostsController#index as HTML
  [1m[35mPost Load (0.2ms)[0m  SELECT "posts".* FROM "posts"
  Rendered posts/index.html.erb within layouts/application (3.9ms)
Completed 200 OK in 1309ms (Views: 1229.6ms | ActiveRecord: 0.3ms)
  [1m[36mActiveRecord::SchemaMigration Load (0.1ms)[0m  [1mSELECT "schema_migrations".* FROM "schema_migrations"[0m
  [1m[35mActiveRecord::SchemaMigration Load (0.1ms)[0m  SELECT "schema_migrations".* FROM "schema_migrations"
  [1m[36mActiveRecord::SchemaMigration Load (0.1ms)[0m  [1mSELECT "schema_migrations".* FROM "schema_migrations"[0m
  [1m[36mActiveRecord::SchemaMigration Load (0.1ms)[0m  [1mSELECT "schema_migrations".* FROM "schema_migrations"[0m
  [1m[35mActiveRecord::SchemaMigration Load (0.1ms)[0m  SELECT "schema_migrations".* FROM "schema_migrations"


Started GET "/posts" for ::1 at 2018-07-23 14:05:49 -0400
Processing by PostsController#index as HTML
  Rendered posts/index.html.erb within layouts/application (2.6ms)
Completed 500 Internal Server Error in 50ms (ActiveRecord: 0.0ms)

SyntaxError (/Users/marybeth/Development/code/2mod/rails-url-helpers-readme-dumbo-web-062518/app/views/posts/index.html.erb:2: syntax error, unexpected '<'
...reeze;@output_buffer.append=( <a href="/post#{@post.id}"> po...
...                               ^
/Users/marybeth/Development/code/2mod/rails-url-helpers-readme-dumbo-web-062518/app/views/posts/index.html.erb:2: unknown regexp options - dv
unmatched close parenthesis: /a> );@output_buffer.safe_append='</i
/Users/marybeth/Development/code/2mod/rails-url-helpers-readme-dumbo-web-062518/app/views/posts/index.html.erb:3: unterminated string meets end of file
/Users/marybeth/Development/code/2mod/rails-url-helpers-readme-dumbo-web-062518/app/views/posts/index.html.erb:3: syntax error, unexpected end-of-input, expecting ')'):
  app/views/posts/index.html.erb:2: syntax error, unexpected '<'
  app/views/posts/index.html.erb:2: unknown regexp options - dv
  app/views/posts/index.html.erb:3: unterminated string meets end of file
  app/views/posts/index.html.erb:3: syntax error, unexpected end-of-input, expecting ')'


  Rendered /Users/marybeth/.rvm/gems/ruby-2.3.3/gems/actionpack-4.2.10/lib/action_dispatch/middleware/templates/rescues/_source.erb (28.8ms)
  Rendered /Users/marybeth/.rvm/gems/ruby-2.3.3/gems/actionpack-4.2.10/lib/action_dispatch/middleware/templates/rescues/_trace.html.erb (6.8ms)
  Rendered /Users/marybeth/.rvm/gems/ruby-2.3.3/gems/actionpack-4.2.10/lib/action_dispatch/middleware/templates/rescues/_request_and_response.html.erb (2.5ms)
  Rendered /Users/marybeth/.rvm/gems/ruby-2.3.3/gems/actionpack-4.2.10/lib/action_dispatch/middleware/templates/rescues/diagnostics.html.erb within rescues/layout (200.5ms)


Started GET "/posts" for ::1 at 2018-07-23 14:07:38 -0400
Processing by PostsController#index as HTML
  [1m[36mPost Load (0.7ms)[0m  [1mSELECT "posts".* FROM "posts"[0m
  Rendered posts/index.html.erb within layouts/application (4.9ms)
Completed 200 OK in 81ms (Views: 78.9ms | ActiveRecord: 0.8ms)


Started GET "/posts" for ::1 at 2018-07-23 14:13:48 -0400
Processing by PostsController#index as HTML
  [1m[35mPost Load (1.2ms)[0m  SELECT "posts".* FROM "posts"
  Rendered posts/index.html.erb within layouts/application (10.5ms)
Completed 200 OK in 115ms (Views: 105.3ms | ActiveRecord: 1.2ms)


Started GET "/posts" for ::1 at 2018-07-23 14:13:53 -0400
Processing by PostsController#index as HTML
  [1m[36mPost Load (0.2ms)[0m  [1mSELECT "posts".* FROM "posts"[0m
  Rendered posts/index.html.erb within layouts/application (0.7ms)
Completed 200 OK in 28ms (Views: 27.6ms | ActiveRecord: 0.2ms)


Started GET "/posts" for ::1 at 2018-07-23 14:13:58 -0400
Processing by PostsController#index as HTML
  [1m[35mPost Load (0.2ms)[0m  SELECT "posts".* FROM "posts"
  Rendered posts/index.html.erb within layouts/application (0.7ms)
Completed 200 OK in 28ms (Views: 27.3ms | ActiveRecord: 0.2ms)


Started GET "/" for ::1 at 2018-07-23 14:14:05 -0400
Processing by Rails::WelcomeController#index as HTML
  Rendered /Users/marybeth/.rvm/gems/ruby-2.3.3/gems/railties-4.2.10/lib/rails/templates/rails/welcome/index.html.erb (6.1ms)
Completed 200 OK in 33ms (Views: 31.6ms | ActiveRecord: 0.0ms)


Started GET "/" for ::1 at 2018-07-23 14:14:40 -0400
Processing by Rails::WelcomeController#index as HTML
  Rendered /Users/marybeth/.rvm/gems/ruby-2.3.3/gems/railties-4.2.10/lib/rails/templates/rails/welcome/index.html.erb (0.1ms)
Completed 200 OK in 16ms (Views: 15.3ms | ActiveRecord: 0.0ms)


Started GET "/posts" for ::1 at 2018-07-23 14:14:58 -0400
Processing by PostsController#index as HTML
  [1m[36mPost Load (0.7ms)[0m  [1mSELECT "posts".* FROM "posts"[0m
  Rendered posts/index.html.erb within layouts/application (10.5ms)
Completed 200 OK in 455ms (Views: 452.7ms | ActiveRecord: 0.7ms)
